<?xml version="1.0" encoding="UTF-8"?>
<robot generator="Robot 3.2.2 (Python 3.6.8 on win32)" generated="20201202 09:47:23.610" rpa="false">
<suite id="s1" name="AddAdvertisment" source="C:\Users\sheypoor\PycharmProjects\RedirectToSheypoor\TestCases\AddAdvertisment.robot">
<test id="s1-t1" name="AddAdvertise">
<kw name="Open Browser" library="SeleniumLibrary">
<doc>Opens a new browser instance to the optional ``url``.</doc>
<arguments>
<arg>https://www.sheypoor.com/%D8%A7%DB%8C%D8%B1%D8%A7%D9%86/</arg>
<arg>chrome</arg>
</arguments>
<msg timestamp="20201202 09:47:23.842" level="INFO">Opening browser 'chrome' to base url 'https://www.sheypoor.com/%D8%A7%DB%8C%D8%B1%D8%A7%D9%86/'.</msg>
<status status="PASS" starttime="20201202 09:47:23.842" endtime="20201202 09:47:29.422"></status>
</kw>
<kw name="Wait Until Location Is" library="SeleniumLibrary">
<doc>Waits until the current URL is ``expected``.</doc>
<arguments>
<arg>https://www.sheypoor.com/%D8%A7%DB%8C%D8%B1%D8%A7%D9%86</arg>
</arguments>
<status status="PASS" starttime="20201202 09:47:29.423" endtime="20201202 09:47:29.436"></status>
</kw>
<kw name="Click Element" library="SeleniumLibrary">
<doc>Click the element identified by ``locator``.</doc>
<arguments>
<arg>css:[class="button small icon-plus square-round"]</arg>
</arguments>
<msg timestamp="20201202 09:47:29.438" level="INFO">Clicking element 'css:[class="button small icon-plus square-round"]'.</msg>
<status status="PASS" starttime="20201202 09:47:29.437" endtime="20201202 09:47:30.043"></status>
</kw>
<kw name="Wait Until Page Contains" library="SeleniumLibrary">
<doc>Waits until ``text`` appears on the current page.</doc>
<arguments>
<arg>ثبت آگهی</arg>
</arguments>
<status status="PASS" starttime="20201202 09:47:30.045" endtime="20201202 09:47:30.062"></status>
</kw>
<kw name="Click Element" library="SeleniumLibrary">
<doc>Click the element identified by ``locator``.</doc>
<arguments>
<arg>Xpath=//*[@id="item-form"]/div/div[1]/form/p[1]/a</arg>
</arguments>
<msg timestamp="20201202 09:47:30.063" level="INFO">Clicking element 'Xpath=//*[@id="item-form"]/div/div[1]/form/p[1]/a'.</msg>
<status status="PASS" starttime="20201202 09:47:30.063" endtime="20201202 09:47:30.165"></status>
</kw>
<kw name="Wait Until Element Is Visible" library="SeleniumLibrary">
<doc>Waits until the element ``locator`` is visible.</doc>
<arguments>
<arg>css:[class="link colored t-cat-43626 icon-category-43626"]</arg>
</arguments>
<status status="PASS" starttime="20201202 09:47:30.166" endtime="20201202 09:47:30.208"></status>
</kw>
<kw name="Click Element" library="SeleniumLibrary">
<doc>Click the element identified by ``locator``.</doc>
<arguments>
<arg>css:[class="link colored t-cat-43626 icon-category-43626"]</arg>
</arguments>
<msg timestamp="20201202 09:47:30.209" level="INFO">Clicking element 'css:[class="link colored t-cat-43626 icon-category-43626"]'.</msg>
<status status="PASS" starttime="20201202 09:47:30.208" endtime="20201202 09:47:30.300"></status>
</kw>
<kw name="Wait Until Element Is Visible" library="SeleniumLibrary">
<doc>Waits until the element ``locator`` is visible.</doc>
<arguments>
<arg>css:[class="link colored t-cat-43627"]</arg>
</arguments>
<status status="PASS" starttime="20201202 09:47:30.300" endtime="20201202 09:47:30.334"></status>
</kw>
<kw name="Click Element" library="SeleniumLibrary">
<doc>Click the element identified by ``locator``.</doc>
<arguments>
<arg>css:[class="link colored t-cat-43627"]</arg>
</arguments>
<msg timestamp="20201202 09:47:30.335" level="INFO">Clicking element 'css:[class="link colored t-cat-43627"]'.</msg>
<status status="PASS" starttime="20201202 09:47:30.335" endtime="20201202 09:47:30.427"></status>
</kw>
<kw name="Click Element" library="SeleniumLibrary">
<doc>Click the element identified by ``locator``.</doc>
<arguments>
<arg>css:[class="link colored t-cat-43945"]</arg>
</arguments>
<msg timestamp="20201202 09:47:30.429" level="INFO">Clicking element 'css:[class="link colored t-cat-43945"]'.</msg>
<status status="PASS" starttime="20201202 09:47:30.428" endtime="20201202 09:47:30.572"></status>
</kw>
<kw name="Wait Until Element Is Visible" library="SeleniumLibrary">
<doc>Waits until the element ``locator`` is visible.</doc>
<arguments>
<arg>Xpath=//*[@id="item-form"]/div/div[1]/form/div[1]/p/a</arg>
</arguments>
<status status="PASS" starttime="20201202 09:47:30.572" endtime="20201202 09:47:30.660"></status>
</kw>
<kw name="Click Element" library="SeleniumLibrary">
<doc>Click the element identified by ``locator``.</doc>
<arguments>
<arg>Xpath=//*[@id="item-form"]/div/div[1]/form/div[1]/p/a</arg>
</arguments>
<msg timestamp="20201202 09:47:30.661" level="INFO">Clicking element 'Xpath=//*[@id="item-form"]/div/div[1]/form/div[1]/p/a'.</msg>
<status status="PASS" starttime="20201202 09:47:30.661" endtime="20201202 09:47:30.731"></status>
</kw>
<kw name="Click Element" library="SeleniumLibrary">
<doc>Click the element identified by ``locator``.</doc>
<arguments>
<arg>css:[class="icon-attr-445201"]</arg>
</arguments>
<msg timestamp="20201202 09:47:30.732" level="INFO">Clicking element 'css:[class="icon-attr-445201"]'.</msg>
<status status="PASS" starttime="20201202 09:47:30.731" endtime="20201202 09:47:30.804"></status>
</kw>
<kw name="Wait Until Element Is Visible" library="SeleniumLibrary">
<doc>Waits until the element ``locator`` is visible.</doc>
<arguments>
<arg>id=a68101</arg>
</arguments>
<status status="PASS" starttime="20201202 09:47:30.805" endtime="20201202 09:47:30.828"></status>
</kw>
<kw name="Input Text" library="SeleniumLibrary">
<doc>Types the given ``text`` into the text field identified by ``locator``.</doc>
<arguments>
<arg>id=a68101</arg>
<arg>2000</arg>
</arguments>
<msg timestamp="20201202 09:47:30.829" level="INFO">Typing text '2000' into text field 'id=a68101'.</msg>
<status status="PASS" starttime="20201202 09:47:30.829" endtime="20201202 09:47:30.927"></status>
</kw>
<kw name="Input Text" library="SeleniumLibrary">
<doc>Types the given ``text`` into the text field identified by ``locator``.</doc>
<arguments>
<arg>id=a68102</arg>
<arg>3000</arg>
</arguments>
<msg timestamp="20201202 09:47:30.928" level="INFO">Typing text '3000' into text field 'id=a68102'.</msg>
<status status="PASS" starttime="20201202 09:47:30.928" endtime="20201202 09:47:31.032"></status>
</kw>
<kw name="Click Element" library="SeleniumLibrary">
<doc>Click the element identified by ``locator``.</doc>
<arguments>
<arg>Xpath=//*[@id="item-form"]/div/div[1]/form/div[3]/p/a</arg>
</arguments>
<msg timestamp="20201202 09:47:31.033" level="INFO">Clicking element 'Xpath=//*[@id="item-form"]/div/div[1]/form/div[3]/p/a'.</msg>
<status status="PASS" starttime="20201202 09:47:31.033" endtime="20201202 09:47:31.118"></status>
</kw>
<kw name="Wait Until Element Is Visible" library="SeleniumLibrary">
<doc>Waits until the element ``locator`` is visible.</doc>
<arguments>
<arg>css:[class="icon-attr-445243"]</arg>
</arguments>
<status status="PASS" starttime="20201202 09:47:31.119" endtime="20201202 09:47:31.147"></status>
</kw>
<kw name="Click Element" library="SeleniumLibrary">
<doc>Click the element identified by ``locator``.</doc>
<arguments>
<arg>css:[class="icon-attr-445243"]</arg>
</arguments>
<msg timestamp="20201202 09:47:31.148" level="INFO">Clicking element 'css:[class="icon-attr-445243"]'.</msg>
<status status="PASS" starttime="20201202 09:47:31.148" endtime="20201202 09:47:31.218"></status>
</kw>
<kw name="Wait Until Element Is Visible" library="SeleniumLibrary">
<doc>Waits until the element ``locator`` is visible.</doc>
<arguments>
<arg>Xpath=//*[@id="item-form"]/div/div[1]/form/div[4]/p/a</arg>
</arguments>
<status status="PASS" starttime="20201202 09:47:31.218" endtime="20201202 09:47:31.242"></status>
</kw>
<kw name="Click Element" library="SeleniumLibrary">
<doc>Click the element identified by ``locator``.</doc>
<arguments>
<arg>Xpath=//*[@id="item-form"]/div/div[1]/form/div[4]/p/a</arg>
</arguments>
<msg timestamp="20201202 09:47:31.245" level="INFO">Clicking element 'Xpath=//*[@id="item-form"]/div/div[1]/form/div[4]/p/a'.</msg>
<status status="PASS" starttime="20201202 09:47:31.244" endtime="20201202 09:47:31.304"></status>
</kw>
<kw name="Wait Until Element Is Visible" library="SeleniumLibrary">
<doc>Waits until the element ``locator`` is visible.</doc>
<arguments>
<arg>css:[class="icon-attr-445308"]</arg>
</arguments>
<status status="PASS" starttime="20201202 09:47:31.305" endtime="20201202 09:47:31.329"></status>
</kw>
<kw name="Click Element" library="SeleniumLibrary">
<doc>Click the element identified by ``locator``.</doc>
<arguments>
<arg>css:[class="icon-attr-445308"]</arg>
</arguments>
<msg timestamp="20201202 09:47:31.330" level="INFO">Clicking element 'css:[class="icon-attr-445308"]'.</msg>
<status status="PASS" starttime="20201202 09:47:31.329" endtime="20201202 09:47:31.397"></status>
</kw>
<kw name="Set Selenium Implicit Wait" library="SeleniumLibrary">
<doc>Sets the implicit wait value used by Selenium.</doc>
<arguments>
<arg>10</arg>
</arguments>
<status status="PASS" starttime="20201202 09:47:31.398" endtime="20201202 09:47:31.400"></status>
</kw>
<kw name="Get Selenium Implicit Wait" library="SeleniumLibrary">
<doc>Gets the implicit wait value used by Selenium.</doc>
<status status="PASS" starttime="20201202 09:47:31.400" endtime="20201202 09:47:31.401"></status>
</kw>
<kw name="Scroll Page To Location">
<arguments>
<arg>0</arg>
<arg>400</arg>
</arguments>
<kw name="Execute Javascript" library="SeleniumLibrary">
<doc>Executes the given JavaScript code with possible arguments.</doc>
<arguments>
<arg>window.scrollTo(${x_location},${y_location})</arg>
</arguments>
<msg timestamp="20201202 09:47:31.404" level="INFO">Executing JavaScript:
window.scrollTo(0,400)
Without any arguments.</msg>
<status status="PASS" starttime="20201202 09:47:31.402" endtime="20201202 09:47:32.006"></status>
</kw>
<status status="PASS" starttime="20201202 09:47:31.401" endtime="20201202 09:47:32.006"></status>
</kw>
<kw name="Wait Until Element Is Visible" library="SeleniumLibrary">
<doc>Waits until the element ``locator`` is visible.</doc>
<arguments>
<arg>Xpath=//*[@id="item-form"]/div/div[1]/form/div[6]/p/a</arg>
</arguments>
<kw name="Capture Page Screenshot" library="SeleniumLibrary">
<doc>Takes a screenshot of the current page and embeds it into a log file.</doc>
<msg timestamp="20201202 09:47:42.637" level="INFO" html="yes">&lt;/td&gt;&lt;/tr&gt;&lt;tr&gt;&lt;td colspan="3"&gt;&lt;a href="selenium-screenshot-111.png"&gt;&lt;img src="selenium-screenshot-111.png" width="800px"&gt;&lt;/a&gt;</msg>
<status status="PASS" starttime="20201202 09:47:42.277" endtime="20201202 09:47:42.637"></status>
</kw>
<msg timestamp="20201202 09:47:42.637" level="FAIL">Element 'Xpath=//*[@id="item-form"]/div/div[1]/form/div[6]/p/a' not visible after 5 seconds.</msg>
<status status="FAIL" starttime="20201202 09:47:32.007" endtime="20201202 09:47:42.653"></status>
</kw>
<status status="FAIL" starttime="20201202 09:47:23.840" endtime="20201202 09:47:42.653" critical="yes">Element 'Xpath=//*[@id="item-form"]/div/div[1]/form/div[6]/p/a' not visible after 5 seconds.</status>
</test>
<status status="FAIL" starttime="20201202 09:47:23.610" endtime="20201202 09:47:42.653"></status>
</suite>
<statistics>
<total>
<stat pass="0" fail="1">Critical Tests</stat>
<stat pass="0" fail="1">All Tests</stat>
</total>
<tag>
</tag>
<suite>
<stat pass="0" fail="1" id="s1" name="AddAdvertisment">AddAdvertisment</stat>
</suite>
</statistics>
<errors>
</errors>
</robot>
